Clone successful.
Found project1 directory.
make sucms_list success
output file sucms_list found
make sucms_read success
output file sucms_read found
make sucms_write success
output file sucms_write found
make sucms_delete success
output file sucms_delete found
Missed line rand0 of size 512 bytes. in output.
Missed line rand3 of size 2048 bytes. in output.
Missed line rand1 of size 1024 bytes. in output.
Missed line rand2 of size 1536 bytes. in output.
Missed line rand6 of size 3584 bytes. in output.
Missed line rand4 of size 2560 bytes. in output.
Missed line rand9 of size 5120 bytes. in output.
Missed line rand5 of size 3072 bytes. in output.
Missed line rand8 of size 4608 bytes. in output.
Missed line rand7 of size 4096 bytes. in output.
Missed line rand10 of size 5632 bytes. in output.
List test, got 0 out of 11
Missed line file93.txt of size 15 bytes. in output.
Missed line file30.txt of size 15 bytes. in output.
Missed line file74.txt of size 15 bytes. in output.
Missed line file36.txt of size 15 bytes. in output.
Missed line file14.txt of size 15 bytes. in output.
Missed line file10.txt of size 15 bytes. in output.
Missed line file80.txt of size 15 bytes. in output.
Missed line file53.txt of size 15 bytes. in output.
Missed line file35.txt of size 15 bytes. in output.
Missed line file71.txt of size 15 bytes. in output.
Missed line file23.txt of size 15 bytes. in output.
Missed line file45.txt of size 15 bytes. in output.
Missed line file56.txt of size 15 bytes. in output.
Missed line file46.txt of size 15 bytes. in output.
Missed line file59.txt of size 15 bytes. in output.
Missed line file25.txt of size 15 bytes. in output.
Missed line file38.txt of size 15 bytes. in output.
Missed line file26.txt of size 15 bytes. in output.
Missed line file19.txt of size 15 bytes. in output.
Missed line file17.txt of size 15 bytes. in output.
Missed line file81.txt of size 15 bytes. in output.
Missed line file4.txt of size 14 bytes. in output.
Missed line file27.txt of size 15 bytes. in output.
Missed line file68.txt of size 15 bytes. in output.
Missed line file16.txt of size 15 bytes. in output.
Missed line file100.txt of size 16 bytes. in output.
Missed line file97.txt of size 15 bytes. in output.
Missed line file33.txt of size 15 bytes. in output.
Missed line file52.txt of size 15 bytes. in output.
Missed line file72.txt of size 15 bytes. in output.
Missed line file84.txt of size 15 bytes. in output.
Missed line file70.txt of size 15 bytes. in output.
Missed line file66.txt of size 15 bytes. in output.
Missed line file58.txt of size 15 bytes. in output.
Missed line file94.txt of size 15 bytes. in output.
Missed line file28.txt of size 15 bytes. in output.
Missed line file62.txt of size 15 bytes. in output.
Missed line file5.txt of size 14 bytes. in output.
Missed line file95.txt of size 15 bytes. in output.
Missed line file39.txt of size 15 bytes. in output.
Missed line file12.txt of size 15 bytes. in output.
Missed line file89.txt of size 15 bytes. in output.
Missed line file3.txt of size 14 bytes. in output.
Missed line file34.txt of size 15 bytes. in output.
Missed line file83.txt of size 15 bytes. in output.
Missed line file85.txt of size 15 bytes. in output.
Missed line file67.txt of size 15 bytes. in output.
Missed line file61.txt of size 15 bytes. in output.
Missed line file29.txt of size 15 bytes. in output.
Missed line file65.txt of size 15 bytes. in output.
Missed line file63.txt of size 15 bytes. in output.
Missed line file77.txt of size 15 bytes. in output.
Missed line file50.txt of size 15 bytes. in output.
Missed line file48.txt of size 15 bytes. in output.
Missed line file44.txt of size 15 bytes. in output.
Missed line file9.txt of size 14 bytes. in output.
Missed line file22.txt of size 15 bytes. in output.
Missed line file76.txt of size 15 bytes. in output.
Missed line file7.txt of size 14 bytes. in output.
Missed line file32.txt of size 15 bytes. in output.
Missed line file75.txt of size 15 bytes. in output.
Missed line file1.txt of size 14 bytes. in output.
Missed line file37.txt of size 15 bytes. in output.
Missed line file24.txt of size 15 bytes. in output.
Missed line file18.txt of size 15 bytes. in output.
Missed line file86.txt of size 15 bytes. in output.
Missed line file47.txt of size 15 bytes. in output.
Missed line file41.txt of size 15 bytes. in output.
Missed line file91.txt of size 15 bytes. in output.
Missed line file96.txt of size 15 bytes. in output.
Missed line file60.txt of size 15 bytes. in output.
Missed line file98.txt of size 15 bytes. in output.
Missed line file51.txt of size 15 bytes. in output.
Missed line file73.txt of size 15 bytes. in output.
Missed line file11.txt of size 15 bytes. in output.
Missed line file40.txt of size 15 bytes. in output.
Missed line file79.txt of size 15 bytes. in output.
Missed line file21.txt of size 15 bytes. in output.
Missed line file82.txt of size 15 bytes. in output.
Missed line file90.txt of size 15 bytes. in output.
Missed line file78.txt of size 15 bytes. in output.
Missed line file20.txt of size 15 bytes. in output.
Missed line file69.txt of size 15 bytes. in output.
Missed line file99.txt of size 15 bytes. in output.
Missed line file31.txt of size 15 bytes. in output.
Missed line file92.txt of size 15 bytes. in output.
Missed line file42.txt of size 15 bytes. in output.
Missed line file2.txt of size 14 bytes. in output.
Missed line file49.txt of size 15 bytes. in output.
Missed line file55.txt of size 15 bytes. in output.
Missed line file87.txt of size 15 bytes. in output.
Missed line file8.txt of size 14 bytes. in output.
Missed line file6.txt of size 14 bytes. in output.
Missed line file54.txt of size 15 bytes. in output.
Missed line file64.txt of size 15 bytes. in output.
Missed line file13.txt of size 15 bytes. in output.
Missed line file43.txt of size 15 bytes. in output.
Missed line file57.txt of size 15 bytes. in output.
Missed line file88.txt of size 15 bytes. in output.
Missed line file15.txt of size 15 bytes. in output.
List test, got 0 out of 100
Missed line one_is_the_loneliest_file_that_youll_ever_know of size 26 bytes. in output.
List test, got 0 out of 1
Missed line deletethisfile194.txt of size 26 bytes. in output.
Missed line deletethisfile540.txt of size 26 bytes. in output.
Missed line deletethisfile339.txt of size 26 bytes. in output.
Missed line deletethisfile26.txt of size 25 bytes. in output.
Missed line deletethisfile177.txt of size 26 bytes. in output.
Missed line deletethisfile527.txt of size 26 bytes. in output.
Missed line deletethisfile578.txt of size 26 bytes. in output.
Missed line deletethisfile325.txt of size 26 bytes. in output.
Missed line deletethisfile267.txt of size 26 bytes. in output.
Missed line deletethisfile127.txt of size 26 bytes. in output.
Missed line deletethisfile488.txt of size 26 bytes. in output.
Missed line deletethisfile456.txt of size 26 bytes. in output.
Missed line deletethisfile108.txt of size 26 bytes. in output.
Missed line deletethisfile398.txt of size 26 bytes. in output.
Missed line deletethisfile382.txt of size 26 bytes. in output.
Missed line deletethisfile541.txt of size 26 bytes. in output.
Missed line deletethisfile899.txt of size 26 bytes. in output.
Missed line deletethisfile43.txt of size 25 bytes. in output.
Missed line deletethisfile927.txt of size 26 bytes. in output.
Missed line deletethisfile341.txt of size 26 bytes. in output.
Missed line deletethisfile740.txt of size 26 bytes. in output.
Missed line deletethisfile213.txt of size 26 bytes. in output.
Missed line deletethisfile206.txt of size 26 bytes. in output.
Missed line deletethisfile111.txt of size 26 bytes. in output.
Missed line deletethisfile806.txt of size 26 bytes. in output.
Missed line deletethisfile831.txt of size 26 bytes. in output.
Missed line deletethisfile544.txt of size 26 bytes. in output.
Missed line deletethisfile773.txt of size 26 bytes. in output.
Missed line deletethisfile536.txt of size 26 bytes. in output.
Missed line deletethisfile818.txt of size 26 bytes. in output.
Missed line deletethisfile67.txt of size 25 bytes. in output.
Missed line deletethisfile966.txt of size 26 bytes. in output.
Missed line deletethisfile98.txt of size 25 bytes. in output.
Missed line deletethisfile787.txt of size 26 bytes. in output.
Missed line deletethisfile391.txt of size 26 bytes. in output.
Missed line deletethisfile313.txt of size 26 bytes. in output.
Missed line deletethisfile950.txt of size 26 bytes. in output.
Missed line deletethisfile221.txt of size 26 bytes. in output.
Missed line deletethisfile168.txt of size 26 bytes. in output.
Missed line deletethisfile835.txt of size 26 bytes. in output.
Missed line deletethisfile900.txt of size 26 bytes. in output.
Missed line deletethisfile765.txt of size 26 bytes. in output.
Missed line deletethisfile879.txt of size 26 bytes. in output.
Missed line deletethisfile185.txt of size 26 bytes. in output.
Missed line deletethisfile954.txt of size 26 bytes. in output.
Missed line deletethisfile982.txt of size 26 bytes. in output.
Missed line deletethisfile90.txt of size 25 bytes. in output.
Missed line deletethisfile22.txt of size 25 bytes. in output.
Missed line deletethisfile248.txt of size 26 bytes. in output.
Missed line deletethisfile318.txt of size 26 bytes. in output.
Missed line deletethisfile18.txt of size 25 bytes. in output.
Missed line deletethisfile641.txt of size 26 bytes. in output.
Missed line deletethisfile51.txt of size 25 bytes. in output.
Missed line deletethisfile125.txt of size 26 bytes. in output.
Missed line deletethisfile427.txt of size 26 bytes. in output.
Missed line deletethisfile381.txt of size 26 bytes. in output.
Missed line deletethisfile233.txt of size 26 bytes. in output.
Missed line deletethisfile333.txt of size 26 bytes. in output.
Missed line deletethisfile626.txt of size 26 bytes. in output.
Missed line deletethisfile656.txt of size 26 bytes. in output.
Missed line deletethisfile44.txt of size 25 bytes. in output.
Missed line deletethisfile570.txt of size 26 bytes. in output.
Missed line deletethisfile448.txt of size 26 bytes. in output.
Missed line deletethisfile538.txt of size 26 bytes. in output.
Missed line deletethisfile647.txt of size 26 bytes. in output.
Missed line deletethisfile889.txt of size 26 bytes. in output.
Missed line deletethisfile83.txt of size 25 bytes. in output.
Missed line deletethisfile100.txt of size 26 bytes. in output.
Missed line deletethisfile864.txt of size 26 bytes. in output.
Missed line deletethisfile654.txt of size 26 bytes. in output.
Missed line deletethisfile311.txt of size 26 bytes. in output.
Missed line deletethisfile583.txt of size 26 bytes. in output.
Missed line deletethisfile479.txt of size 26 bytes. in output.
Missed line deletethisfile16.txt of size 25 bytes. in output.
Missed line deletethisfile17.txt of size 25 bytes. in output.
Missed line deletethisfile38.txt of size 25 bytes. in output.
Missed line deletethisfile979.txt of size 26 bytes. in output.
Missed line deletethisfile363.txt of size 26 bytes. in output.
Missed line deletethisfile567.txt of size 26 bytes. in output.
Missed line deletethisfile679.txt of size 26 bytes. in output.
Missed line deletethisfile129.txt of size 26 bytes. in output.
Missed line deletethisfile411.txt of size 26 bytes. in output.
Missed line deletethisfile809.txt of size 26 bytes. in output.
Missed line deletethisfile312.txt of size 26 bytes. in output.
Missed line deletethisfile429.txt of size 26 bytes. in output.
Missed line deletethisfile273.txt of size 26 bytes. in output.
Missed line deletethisfile441.txt of size 26 bytes. in output.
Missed line deletethisfile676.txt of size 26 bytes. in output.
Missed line deletethisfile727.txt of size 26 bytes. in output.
Missed line deletethisfile750.txt of size 26 bytes. in output.
Missed line deletethisfile808.txt of size 26 bytes. in output.
Missed line deletethisfile496.txt of size 26 bytes. in output.
Missed line deletethisfile33.txt of size 25 bytes. in output.
Missed line deletethisfile582.txt of size 26 bytes. in output.
Missed line deletethisfile911.txt of size 26 bytes. in output.
Missed line deletethisfile581.txt of size 26 bytes. in output.
Missed line deletethisfile509.txt of size 26 bytes. in output.
Missed line deletethisfile322.txt of size 26 bytes. in output.
Missed line deletethisfile530.txt of size 26 bytes. in output.
Missed line deletethisfile599.txt of size 26 bytes. in output.
Missed line deletethisfile157.txt of size 26 bytes. in output.
Missed line deletethisfile929.txt of size 26 bytes. in output.
Missed line deletethisfile268.txt of size 26 bytes. in output.
Missed line deletethisfile303.txt of size 26 bytes. in output.
Missed line deletethisfile799.txt of size 26 bytes. in output.
Missed line deletethisfile511.txt of size 26 bytes. in output.
Missed line deletethisfile885.txt of size 26 bytes. in output.
Missed line deletethisfile946.txt of size 26 bytes. in output.
Missed line deletethisfile667.txt of size 26 bytes. in output.
Missed line deletethisfile89.txt of size 25 bytes. in output.
Missed line deletethisfile729.txt of size 26 bytes. in output.
Missed line deletethisfile246.txt of size 26 bytes. in output.
Missed line deletethisfile849.txt of size 26 bytes. in output.
Missed line deletethisfile505.txt of size 26 bytes. in output.
Missed line deletethisfile321.txt of size 26 bytes. in output.
Missed line deletethisfile605.txt of size 26 bytes. in output.
Missed line deletethisfile524.txt of size 26 bytes. in output.
Missed line deletethisfile754.txt of size 26 bytes. in output.
Missed line deletethisfile718.txt of size 26 bytes. in output.
Missed line deletethisfile576.txt of size 26 bytes. in output.
Missed line deletethisfile715.txt of size 26 bytes. in output.
Missed line deletethisfile263.txt of size 26 bytes. in output.
Missed line deletethisfile840.txt of size 26 bytes. in output.
Missed line deletethisfile846.txt of size 26 bytes. in output.
Missed line deletethisfile205.txt of size 26 bytes. in output.
Missed line deletethisfile222.txt of size 26 bytes. in output.
Missed line deletethisfile277.txt of size 26 bytes. in output.
Missed line deletethisfile142.txt of size 26 bytes. in output.
Missed line deletethisfile39.txt of size 25 bytes. in output.
Missed line deletethisfile744.txt of size 26 bytes. in output.
Missed line deletethisfile307.txt of size 26 bytes. in output.
Missed line deletethisfile468.txt of size 26 bytes. in output.
Missed line deletethisfile319.txt of size 26 bytes. in output.
Missed line deletethisfile469.txt of size 26 bytes. in output.
Missed line deletethisfile960.txt of size 26 bytes. in output.
Missed line deletethisfile868.txt of size 26 bytes. in output.
Missed line deletethisfile716.txt of size 26 bytes. in output.
Missed line deletethisfile589.txt of size 26 bytes. in output.
Missed line deletethisfile101.txt of size 26 bytes. in output.
Missed line deletethisfile528.txt of size 26 bytes. in output.
Missed line deletethisfile749.txt of size 26 bytes. in output.
Missed line deletethisfile323.txt of size 26 bytes. in output.
Missed line deletethisfile343.txt of size 26 bytes. in output.
Missed line deletethisfile771.txt of size 26 bytes. in output.
Missed line deletethisfile854.txt of size 26 bytes. in output.
Missed line deletethisfile137.txt of size 26 bytes. in output.
Missed line deletethisfile276.txt of size 26 bytes. in output.
Missed line deletethisfile299.txt of size 26 bytes. in output.
Missed line deletethisfile853.txt of size 26 bytes. in output.
Missed line deletethisfile88.txt of size 25 bytes. in output.
Missed line deletethisfile546.txt of size 26 bytes. in output.
Missed line deletethisfile477.txt of size 26 bytes. in output.
Missed line deletethisfile823.txt of size 26 bytes. in output.
Missed line deletethisfile795.txt of size 26 bytes. in output.
Missed line deletethisfile462.txt of size 26 bytes. in output.
Missed line deletethisfile758.txt of size 26 bytes. in output.
Missed line deletethisfile529.txt of size 26 bytes. in output.
Missed line deletethisfile54.txt of size 25 bytes. in output.
Missed line deletethisfile887.txt of size 26 bytes. in output.
Missed line deletethisfile931.txt of size 26 bytes. in output.
Missed line deletethisfile519.txt of size 26 bytes. in output.
Missed line deletethisfile228.txt of size 26 bytes. in output.
Missed line deletethisfile997.txt of size 26 bytes. in output.
Missed line deletethisfile284.txt of size 26 bytes. in output.
Missed line deletethisfile637.txt of size 26 bytes. in output.
Missed line deletethisfile512.txt of size 26 bytes. in output.
Missed line deletethisfile171.txt of size 26 bytes. in output.
Missed line deletethisfile938.txt of size 26 bytes. in output.
Missed line deletethisfile201.txt of size 26 bytes. in output.
Missed line deletethisfile826.txt of size 26 bytes. in output.
Missed line deletethisfile738.txt of size 26 bytes. in output.
Missed line deletethisfile598.txt of size 26 bytes. in output.
Missed line deletethisfile932.txt of size 26 bytes. in output.
Missed line deletethisfile332.txt of size 26 bytes. in output.
Missed line deletethisfile30.txt of size 25 bytes. in output.
Missed line deletethisfile247.txt of size 26 bytes. in output.
Missed line deletethisfile912.txt of size 26 bytes. in output.
Missed line deletethisfile594.txt of size 26 bytes. in output.
Missed line deletethisfile296.txt of size 26 bytes. in output.
Missed line deletethisfile279.txt of size 26 bytes. in output.
Missed line deletethisfile924.txt of size 26 bytes. in output.
Missed line deletethisfile860.txt of size 26 bytes. in output.
Missed line deletethisfile460.txt of size 26 bytes. in output.
Missed line deletethisfile56.txt of size 25 bytes. in output.
Missed line deletethisfile999.txt of size 26 bytes. in output.
Missed line deletethisfile525.txt of size 26 bytes. in output.
Missed line deletethisfile41.txt of size 25 bytes. in output.
Missed line deletethisfile146.txt of size 26 bytes. in output.
Missed line deletethisfile138.txt of size 26 bytes. in output.
Missed line deletethisfile666.txt of size 26 bytes. in output.
Missed line deletethisfile373.txt of size 26 bytes. in output.
Missed line deletethisfile782.txt of size 26 bytes. in output.
Missed line deletethisfile269.txt of size 26 bytes. in output.
Missed line deletethisfile665.txt of size 26 bytes. in output.
Missed line deletethisfile66.txt of size 25 bytes. in output.
Missed line deletethisfile790.txt of size 26 bytes. in output.
Missed line deletethisfile295.txt of size 26 bytes. in output.
Missed line deletethisfile652.txt of size 26 bytes. in output.
Missed line deletethisfile618.txt of size 26 bytes. in output.
Missed line deletethisfile874.txt of size 26 bytes. in output.
Missed line deletethisfile880.txt of size 26 bytes. in output.
Missed line deletethisfile243.txt of size 26 bytes. in output.
Missed line deletethisfile776.txt of size 26 bytes. in output.
Missed line deletethisfile126.txt of size 26 bytes. in output.
Missed line deletethisfile212.txt of size 26 bytes. in output.
Missed line deletethisfile964.txt of size 26 bytes. in output.
Missed line deletethisfile385.txt of size 26 bytes. in output.
Missed line deletethisfile545.txt of size 26 bytes. in output.
Missed line deletethisfile262.txt of size 26 bytes. in output.
Missed line deletethisfile712.txt of size 26 bytes. in output.
Missed line deletethisfile897.txt of size 26 bytes. in output.
Missed line deletethisfile976.txt of size 26 bytes. in output.
Missed line deletethisfile858.txt of size 26 bytes. in output.
Missed line deletethisfile508.txt of size 26 bytes. in output.
Missed line deletethisfile902.txt of size 26 bytes. in output.
Missed line deletethisfile972.txt of size 26 bytes. in output.
Missed line deletethisfile394.txt of size 26 bytes. in output.
Missed line deletethisfile893.txt of size 26 bytes. in output.
Missed line deletethisfile659.txt of size 26 bytes. in output.
Missed line deletethisfile50.txt of size 25 bytes. in output.
Missed line deletethisfile31.txt of size 25 bytes. in output.
Missed line deletethisfile324.txt of size 26 bytes. in output.
Missed line deletethisfile947.txt of size 26 bytes. in output.
Missed line deletethisfile167.txt of size 26 bytes. in output.
Missed line deletethisfile668.txt of size 26 bytes. in output.
Missed line deletethisfile105.txt of size 26 bytes. in output.
Missed line deletethisfile891.txt of size 26 bytes. in output.
Missed line deletethisfile415.txt of size 26 bytes. in output.
Missed line deletethisfile623.txt of size 26 bytes. in output.
Missed line deletethisfile202.txt of size 26 bytes. in output.
Missed line deletethisfile179.txt of size 26 bytes. in output.
Missed line deletethisfile730.txt of size 26 bytes. in output.
Missed line deletethisfile451.txt of size 26 bytes. in output.
Missed line deletethisfile984.txt of size 26 bytes. in output.
Missed line deletethisfile487.txt of size 26 bytes. in output.
Missed line deletethisfile15.txt of size 25 bytes. in output.
Missed line deletethisfile28.txt of size 25 bytes. in output.
Missed line deletethisfile722.txt of size 26 bytes. in output.
Missed line deletethisfile778.txt of size 26 bytes. in output.
Missed line deletethisfile741.txt of size 26 bytes. in output.
Missed line deletethisfile436.txt of size 26 bytes. in output.
Missed line deletethisfile72.txt of size 25 bytes. in output.
Missed line deletethisfile586.txt of size 26 bytes. in output.
Missed line deletethisfile503.txt of size 26 bytes. in output.
Missed line deletethisfile63.txt of size 25 bytes. in output.
Missed line deletethisfile418.txt of size 26 bytes. in output.
Missed line deletethisfile986.txt of size 26 bytes. in output.
Missed line deletethisfile121.txt of size 26 bytes. in output.
Missed line deletethisfile84.txt of size 25 bytes. in output.
Missed line deletethisfile457.txt of size 26 bytes. in output.
Missed line deletethisfile78.txt of size 25 bytes. in output.
Missed line deletethisfile841.txt of size 26 bytes. in output.
Missed line deletethisfile87.txt of size 25 bytes. in output.
Missed line deletethisfile513.txt of size 26 bytes. in output.
Missed line deletethisfile560.txt of size 26 bytes. in output.
Missed line deletethisfile681.txt of size 26 bytes. in output.
Missed line deletethisfile539.txt of size 26 bytes. in output.
Missed line deletethisfile669.txt of size 26 bytes. in output.
Missed line deletethisfile402.txt of size 26 bytes. in output.
Missed line deletethisfile736.txt of size 26 bytes. in output.
Missed line deletethisfile761.txt of size 26 bytes. in output.
Missed line deletethisfile612.txt of size 26 bytes. in output.
Missed line deletethisfile4.txt of size 24 bytes. in output.
Missed line deletethisfile819.txt of size 26 bytes. in output.
Missed line deletethisfile387.txt of size 26 bytes. in output.
Missed line deletethisfile392.txt of size 26 bytes. in output.
Missed line deletethisfile675.txt of size 26 bytes. in output.
Missed line deletethisfile235.txt of size 26 bytes. in output.
Missed line deletethisfile604.txt of size 26 bytes. in output.
Missed line deletethisfile375.txt of size 26 bytes. in output.
Missed line deletethisfile888.txt of size 26 bytes. in output.
Missed line deletethisfile922.txt of size 26 bytes. in output.
Missed line deletethisfile102.txt of size 26 bytes. in output.
Missed line deletethisfile807.txt of size 26 bytes. in output.
Missed line deletethisfile158.txt of size 26 bytes. in output.
Missed line deletethisfile315.txt of size 26 bytes. in output.
Missed line deletethisfile678.txt of size 26 bytes. in output.
Missed line deletethisfile264.txt of size 26 bytes. in output.
Missed line deletethisfile673.txt of size 26 bytes. in output.
Missed line deletethisfile353.txt of size 26 bytes. in output.
Missed line deletethisfile256.txt of size 26 bytes. in output.
Missed line deletethisfile20.txt of size 25 bytes. in output.
Missed line deletethisfile232.txt of size 26 bytes. in output.
Missed line deletethisfile372.txt of size 26 bytes. in output.
Missed line deletethisfile367.txt of size 26 bytes. in output.
Missed line deletethisfile506.txt of size 26 bytes. in output.
Missed line deletethisfile410.txt of size 26 bytes. in output.
Missed line deletethisfile575.txt of size 26 bytes. in output.
Missed line deletethisfile34.txt of size 25 bytes. in output.
Missed line deletethisfile13.txt of size 25 bytes. in output.
Missed line deletethisfile162.txt of size 26 bytes. in output.
Missed line deletethisfile490.txt of size 26 bytes. in output.
Missed line deletethisfile12.txt of size 25 bytes. in output.
Missed line deletethisfile285.txt of size 26 bytes. in output.
Missed line deletethisfile617.txt of size 26 bytes. in output.
Missed line deletethisfile514.txt of size 26 bytes. in output.
Missed line deletethisfile455.txt of size 26 bytes. in output.
Missed line deletethisfile660.txt of size 26 bytes. in output.
Missed line deletethisfile520.txt of size 26 bytes. in output.
Missed line deletethisfile371.txt of size 26 bytes. in output.
Missed line deletethisfile130.txt of size 26 bytes. in output.
Missed line deletethisfile152.txt of size 26 bytes. in output.
Missed line deletethisfile600.txt of size 26 bytes. in output.
Missed line deletethisfile836.txt of size 26 bytes. in output.
Missed line deletethisfile680.txt of size 26 bytes. in output.
Missed line deletethisfile955.txt of size 26 bytes. in output.
Missed line deletethisfile227.txt of size 26 bytes. in output.
Missed line deletethisfile450.txt of size 26 bytes. in output.
Missed line deletethisfile743.txt of size 26 bytes. in output.
Missed line deletethisfile2.txt of size 24 bytes. in output.
Missed line deletethisfile260.txt of size 26 bytes. in output.
Missed line deletethisfile905.txt of size 26 bytes. in output.
Missed line deletethisfile533.txt of size 26 bytes. in output.
Missed line deletethisfile832.txt of size 26 bytes. in output.
Missed line deletethisfile75.txt of size 25 bytes. in output.
Missed line deletethisfile124.txt of size 26 bytes. in output.
Missed line deletethisfile914.txt of size 26 bytes. in output.
Missed line deletethisfile478.txt of size 26 bytes. in output.
Missed line deletethisfile701.txt of size 26 bytes. in output.
Missed line deletethisfile992.txt of size 26 bytes. in output.
Missed line deletethisfile788.txt of size 26 bytes. in output.
Missed line deletethisfile230.txt of size 26 bytes. in output.
Missed line deletethisfile753.txt of size 26 bytes. in output.
Missed line deletethisfile644.txt of size 26 bytes. in output.
Missed line deletethisfile577.txt of size 26 bytes. in output.
Missed line deletethisfile551.txt of size 26 bytes. in output.
Missed line deletethisfile438.txt of size 26 bytes. in output.
Missed line deletethisfile876.txt of size 26 bytes. in output.
Missed line deletethisfile245.txt of size 26 bytes. in output.
Missed line deletethisfile742.txt of size 26 bytes. in output.
Missed line deletethisfile649.txt of size 26 bytes. in output.
Missed line deletethisfile486.txt of size 26 bytes. in output.
Missed line deletethisfile445.txt of size 26 bytes. in output.
Missed line deletethisfile698.txt of size 26 bytes. in output.
Missed line deletethisfile414.txt of size 26 bytes. in output.
Missed line deletethisfile848.txt of size 26 bytes. in output.
Missed line deletethisfile154.txt of size 26 bytes. in output.
Missed line deletethisfile254.txt of size 26 bytes. in output.
Missed line deletethisfile574.txt of size 26 bytes. in output.
Missed line deletethisfile207.txt of size 26 bytes. in output.
Missed line deletethisfile792.txt of size 26 bytes. in output.
Missed line deletethisfile191.txt of size 26 bytes. in output.
Missed line deletethisfile483.txt of size 26 bytes. in output.
Missed line deletethisfile258.txt of size 26 bytes. in output.
Missed line deletethisfile663.txt of size 26 bytes. in output.
Missed line deletethisfile241.txt of size 26 bytes. in output.
Missed line deletethisfile136.txt of size 26 bytes. in output.
Missed line deletethisfile686.txt of size 26 bytes. in output.
Missed line deletethisfile197.txt of size 26 bytes. in output.
Missed line deletethisfile215.txt of size 26 bytes. in output.
Missed line deletethisfile952.txt of size 26 bytes. in output.
Missed line deletethisfile399.txt of size 26 bytes. in output.
Missed line deletethisfile24.txt of size 25 bytes. in output.
Missed line deletethisfile369.txt of size 26 bytes. in output.
Missed line deletethisfile906.txt of size 26 bytes. in output.
Missed line deletethisfile32.txt of size 25 bytes. in output.
Missed line deletethisfile791.txt of size 26 bytes. in output.
Missed line deletethisfile141.txt of size 26 bytes. in output.
Missed line deletethisfile498.txt of size 26 bytes. in output.
Missed line deletethisfile706.txt of size 26 bytes. in output.
Missed line deletethisfile645.txt of size 26 bytes. in output.
Missed line deletethisfile495.txt of size 26 bytes. in output.
Missed line deletethisfile592.txt of size 26 bytes. in output.
Missed line deletethisfile875.txt of size 26 bytes. in output.
Missed line deletethisfile74.txt of size 25 bytes. in output.
Missed line deletethisfile707.txt of size 26 bytes. in output.
Missed line deletethisfile261.txt of size 26 bytes. in output.
Missed line deletethisfile624.txt of size 26 bytes. in output.
Missed line deletethisfile561.txt of size 26 bytes. in output.
Missed line deletethisfile664.txt of size 26 bytes. in output.
Missed line deletethisfile593.txt of size 26 bytes. in output.
Missed line deletethisfile648.txt of size 26 bytes. in output.
Missed line deletethisfile755.txt of size 26 bytes. in output.
Missed line deletethisfile863.txt of size 26 bytes. in output.
Missed line deletethisfile412.txt of size 26 bytes. in output.
Missed line deletethisfile489.txt of size 26 bytes. in output.
Missed line deletethisfile869.txt of size 26 bytes. in output.
Missed line deletethisfile987.txt of size 26 bytes. in output.
Missed line deletethisfile266.txt of size 26 bytes. in output.
Missed line deletethisfile917.txt of size 26 bytes. in output.
Missed line deletethisfile238.txt of size 26 bytes. in output.
Missed line deletethisfile883.txt of size 26 bytes. in output.
Missed line deletethisfile360.txt of size 26 bytes. in output.
Missed line deletethisfile805.txt of size 26 bytes. in output.
Missed line deletethisfile91.txt of size 25 bytes. in output.
Missed line deletethisfile968.txt of size 26 bytes. in output.
Missed line deletethisfile165.txt of size 26 bytes. in output.
Missed line deletethisfile943.txt of size 26 bytes. in output.
Missed line deletethisfile359.txt of size 26 bytes. in output.
Missed line deletethisfile357.txt of size 26 bytes. in output.
Missed line deletethisfile692.txt of size 26 bytes. in output.
Missed line deletethisfile930.txt of size 26 bytes. in output.
Missed line deletethisfile934.txt of size 26 bytes. in output.
Missed line deletethisfile980.txt of size 26 bytes. in output.
Missed line deletethisfile240.txt of size 26 bytes. in output.
Missed line deletethisfile517.txt of size 26 bytes. in output.
Missed line deletethisfile3.txt of size 24 bytes. in output.
Missed line deletethisfile948.txt of size 26 bytes. in output.
Missed line deletethisfile474.txt of size 26 bytes. in output.
Missed line deletethisfile491.txt of size 26 bytes. in output.
Missed line deletethisfile79.txt of size 25 bytes. in output.
Missed line deletethisfile310.txt of size 26 bytes. in output.
Missed line deletethisfile693.txt of size 26 bytes. in output.
Missed line deletethisfile827.txt of size 26 bytes. in output.
Missed line deletethisfile253.txt of size 26 bytes. in output.
Missed line deletethisfile580.txt of size 26 bytes. in output.
Missed line deletethisfile118.txt of size 26 bytes. in output.
Missed line deletethisfile646.txt of size 26 bytes. in output.
Missed line deletethisfile625.txt of size 26 bytes. in output.
Missed line deletethisfile302.txt of size 26 bytes. in output.
Missed line deletethisfile597.txt of size 26 bytes. in output.
Missed line deletethisfile502.txt of size 26 bytes. in output.
Missed line deletethisfile286.txt of size 26 bytes. in output.
Missed line deletethisfile239.txt of size 26 bytes. in output.
Missed line deletethisfile463.txt of size 26 bytes. in output.
Missed line deletethisfile886.txt of size 26 bytes. in output.
Missed line deletethisfile633.txt of size 26 bytes. in output.
Missed line deletethisfile62.txt of size 25 bytes. in output.
Missed line deletethisfile96.txt of size 25 bytes. in output.
Missed line deletethisfile454.txt of size 26 bytes. in output.
Missed line deletethisfile169.txt of size 26 bytes. in output.
Missed line deletethisfile759.txt of size 26 bytes. in output.
Missed line deletethisfile453.txt of size 26 bytes. in output.
Missed line deletethisfile428.txt of size 26 bytes. in output.
Missed line deletethisfile630.txt of size 26 bytes. in output.
Missed line deletethisfile963.txt of size 26 bytes. in output.
Missed line deletethisfile985.txt of size 26 bytes. in output.
Missed line deletethisfile180.txt of size 26 bytes. in output.
Missed line deletethisfile386.txt of size 26 bytes. in output.
Missed line deletethisfile99.txt of size 25 bytes. in output.
Missed line deletethisfile219.txt of size 26 bytes. in output.
Missed line deletethisfile275.txt of size 26 bytes. in output.
Missed line deletethisfile522.txt of size 26 bytes. in output.
Missed line deletethisfile53.txt of size 25 bytes. in output.
Missed line deletethisfile492.txt of size 26 bytes. in output.
Missed line deletethisfile482.txt of size 26 bytes. in output.
Missed line deletethisfile674.txt of size 26 bytes. in output.
Missed line deletethisfile628.txt of size 26 bytes. in output.
Missed line deletethisfile396.txt of size 26 bytes. in output.
Missed line deletethisfile131.txt of size 26 bytes. in output.
Missed line deletethisfile229.txt of size 26 bytes. in output.
Missed line deletethisfile439.txt of size 26 bytes. in output.
Missed line deletethisfile163.txt of size 26 bytes. in output.
Missed line deletethisfile150.txt of size 26 bytes. in output.
Missed line deletethisfile735.txt of size 26 bytes. in output.
Missed line deletethisfile872.txt of size 26 bytes. in output.
Missed line deletethisfile376.txt of size 26 bytes. in output.
Missed line deletethisfile406.txt of size 26 bytes. in output.
Missed line deletethisfile481.txt of size 26 bytes. in output.
Missed line deletethisfile962.txt of size 26 bytes. in output.
Missed line deletethisfile447.txt of size 26 bytes. in output.
Missed line deletethisfile259.txt of size 26 bytes. in output.
Missed line deletethisfile361.txt of size 26 bytes. in output.
Missed line deletethisfile308.txt of size 26 bytes. in output.
Missed line deletethisfile344.txt of size 26 bytes. in output.
Missed line deletethisfile143.txt of size 26 bytes. in output.
Missed line deletethisfile122.txt of size 26 bytes. in output.
Missed line deletethisfile364.txt of size 26 bytes. in output.
Missed line deletethisfile896.txt of size 26 bytes. in output.
Missed line deletethisfile557.txt of size 26 bytes. in output.
Missed line deletethisfile996.txt of size 26 bytes. in output.
Missed line deletethisfile971.txt of size 26 bytes. in output.
Missed line deletethisfile190.txt of size 26 bytes. in output.
Missed line deletethisfile231.txt of size 26 bytes. in output.
Missed line deletethisfile609.txt of size 26 bytes. in output.
Missed line deletethisfile173.txt of size 26 bytes. in output.
Missed line deletethisfile46.txt of size 25 bytes. in output.
Missed line deletethisfile719.txt of size 26 bytes. in output.
Missed line deletethisfile362.txt of size 26 bytes. in output.
Missed line deletethisfile828.txt of size 26 bytes. in output.
Missed line deletethisfile400.txt of size 26 bytes. in output.
Missed line deletethisfile573.txt of size 26 bytes. in output.
Missed line deletethisfile793.txt of size 26 bytes. in output.
Missed line deletethisfile554.txt of size 26 bytes. in output.
Missed line deletethisfile183.txt of size 26 bytes. in output.
Missed line deletethisfile601.txt of size 26 bytes. in output.
Missed line deletethisfile662.txt of size 26 bytes. in output.
Missed line deletethisfile419.txt of size 26 bytes. in output.
Missed line deletethisfile186.txt of size 26 bytes. in output.
Missed line deletethisfile555.txt of size 26 bytes. in output.
Missed line deletethisfile590.txt of size 26 bytes. in output.
Missed line deletethisfile603.txt of size 26 bytes. in output.
Missed line deletethisfile409.txt of size 26 bytes. in output.
Missed line deletethisfile6.txt of size 24 bytes. in output.
Missed line deletethisfile830.txt of size 26 bytes. in output.
Missed line deletethisfile148.txt of size 26 bytes. in output.
Missed line deletethisfile811.txt of size 26 bytes. in output.
Missed line deletethisfile244.txt of size 26 bytes. in output.
Missed line deletethisfile766.txt of size 26 bytes. in output.
Missed line deletethisfile643.txt of size 26 bytes. in output.
Missed line deletethisfile537.txt of size 26 bytes. in output.
Missed line deletethisfile629.txt of size 26 bytes. in output.
Missed line deletethisfile607.txt of size 26 bytes. in output.
Missed line deletethisfile69.txt of size 25 bytes. in output.
Missed line deletethisfile11.txt of size 25 bytes. in output.
Missed line deletethisfile1000.txt of size 27 bytes. in output.
Missed line deletethisfile306.txt of size 26 bytes. in output.
Missed line deletethisfile957.txt of size 26 bytes. in output.
Missed line deletethisfile769.txt of size 26 bytes. in output.
Missed line deletethisfile829.txt of size 26 bytes. in output.
Missed line deletethisfile810.txt of size 26 bytes. in output.
Missed line deletethisfile501.txt of size 26 bytes. in output.
Missed line deletethisfile236.txt of size 26 bytes. in output.
Missed line deletethisfile532.txt of size 26 bytes. in output.
Missed line deletethisfile834.txt of size 26 bytes. in output.
Missed line deletethisfile923.txt of size 26 bytes. in output.
Missed line deletethisfile61.txt of size 25 bytes. in output.
Missed line deletethisfile569.txt of size 26 bytes. in output.
Missed line deletethisfile909.txt of size 26 bytes. in output.
Missed line deletethisfile480.txt of size 26 bytes. in output.
Missed line deletethisfile347.txt of size 26 bytes. in output.
Missed line deletethisfile380.txt of size 26 bytes. in output.
Missed line deletethisfile225.txt of size 26 bytes. in output.
Missed line deletethisfile994.txt of size 26 bytes. in output.
Missed line deletethisfile856.txt of size 26 bytes. in output.
Missed line deletethisfile684.txt of size 26 bytes. in output.
Missed line deletethisfile925.txt of size 26 bytes. in output.
Missed line deletethisfile470.txt of size 26 bytes. in output.
Missed line deletethisfile196.txt of size 26 bytes. in output.
Missed line deletethisfile407.txt of size 26 bytes. in output.
Missed line deletethisfile711.txt of size 26 bytes. in output.
Missed line deletethisfile543.txt of size 26 bytes. in output.
Missed line deletethisfile611.txt of size 26 bytes. in output.
Missed line deletethisfile115.txt of size 26 bytes. in output.
Missed line deletethisfile705.txt of size 26 bytes. in output.
Missed line deletethisfile547.txt of size 26 bytes. in output.
Missed line deletethisfile393.txt of size 26 bytes. in output.
Missed line deletethisfile515.txt of size 26 bytes. in output.
Missed line deletethisfile949.txt of size 26 bytes. in output.
Missed line deletethisfile995.txt of size 26 bytes. in output.
Missed line deletethisfile797.txt of size 26 bytes. in output.
Missed line deletethisfile104.txt of size 26 bytes. in output.
Missed line deletethisfile210.txt of size 26 bytes. in output.
Missed line deletethisfile894.txt of size 26 bytes. in output.
Missed line deletethisfile915.txt of size 26 bytes. in output.
Missed line deletethisfile775.txt of size 26 bytes. in output.
Missed line deletethisfile751.txt of size 26 bytes. in output.
Missed line deletethisfile128.txt of size 26 bytes. in output.
Missed line deletethisfile613.txt of size 26 bytes. in output.
Missed line deletethisfile767.txt of size 26 bytes. in output.
Missed line deletethisfile71.txt of size 25 bytes. in output.
Missed line deletethisfile822.txt of size 26 bytes. in output.
Missed line deletethisfile921.txt of size 26 bytes. in output.
Missed line deletethisfile423.txt of size 26 bytes. in output.
Missed line deletethisfile379.txt of size 26 bytes. in output.
Missed line deletethisfile977.txt of size 26 bytes. in output.
Missed line deletethisfile685.txt of size 26 bytes. in output.
Missed line deletethisfile956.txt of size 26 bytes. in output.
Missed line deletethisfile614.txt of size 26 bytes. in output.
Missed line deletethisfile516.txt of size 26 bytes. in output.
Missed line deletethisfile553.txt of size 26 bytes. in output.
Missed line deletethisfile355.txt of size 26 bytes. in output.
Missed line deletethisfile166.txt of size 26 bytes. in output.
Missed line deletethisfile632.txt of size 26 bytes. in output.
Missed line deletethisfile217.txt of size 26 bytes. in output.
Missed line deletethisfile467.txt of size 26 bytes. in output.
Missed line deletethisfile784.txt of size 26 bytes. in output.
Missed line deletethisfile476.txt of size 26 bytes. in output.
Missed line deletethisfile444.txt of size 26 bytes. in output.
Missed line deletethisfile913.txt of size 26 bytes. in output.
Missed line deletethisfile865.txt of size 26 bytes. in output.
Missed line deletethisfile59.txt of size 25 bytes. in output.
Missed line deletethisfile459.txt of size 26 bytes. in output.
Missed line deletethisfile345.txt of size 26 bytes. in output.
Missed line deletethisfile873.txt of size 26 bytes. in output.
Missed line deletethisfile800.txt of size 26 bytes. in output.
Missed line deletethisfile542.txt of size 26 bytes. in output.
Missed line deletethisfile337.txt of size 26 bytes. in output.
Missed line deletethisfile803.txt of size 26 bytes. in output.
Missed line deletethisfile559.txt of size 26 bytes. in output.
Missed line deletethisfile933.txt of size 26 bytes. in output.
Missed line deletethisfile329.txt of size 26 bytes. in output.
Missed line deletethisfile133.txt of size 26 bytes. in output.
Missed line deletethisfile670.txt of size 26 bytes. in output.
Missed line deletethisfile634.txt of size 26 bytes. in output.
Missed line deletethisfile388.txt of size 26 bytes. in output.
Missed line deletethisfile81.txt of size 25 bytes. in output.
Missed line deletethisfile619.txt of size 26 bytes. in output.
Missed line deletethisfile945.txt of size 26 bytes. in output.
Missed line deletethisfile272.txt of size 26 bytes. in output.
Missed line deletethisfile420.txt of size 26 bytes. in output.
Missed line deletethisfile378.txt of size 26 bytes. in output.
Missed line deletethisfile683.txt of size 26 bytes. in output.
Missed line deletethisfile346.txt of size 26 bytes. in output.
Missed line deletethisfile76.txt of size 25 bytes. in output.
Missed line deletethisfile898.txt of size 26 bytes. in output.
Missed line deletethisfile421.txt of size 26 bytes. in output.
Missed line deletethisfile288.txt of size 26 bytes. in output.
Missed line deletethisfile990.txt of size 26 bytes. in output.
Missed line deletethisfile68.txt of size 25 bytes. in output.
Missed line deletethisfile895.txt of size 26 bytes. in output.
Missed line deletethisfile855.txt of size 26 bytes. in output.
Missed line deletethisfile688.txt of size 26 bytes. in output.
Missed line deletethisfile556.txt of size 26 bytes. in output.
Missed line deletethisfile981.txt of size 26 bytes. in output.
Missed line deletethisfile425.txt of size 26 bytes. in output.
Missed line deletethisfile251.txt of size 26 bytes. in output.
Missed line deletethisfile192.txt of size 26 bytes. in output.
Missed line deletethisfile49.txt of size 25 bytes. in output.
Missed line deletethisfile145.txt of size 26 bytes. in output.
Missed line deletethisfile796.txt of size 26 bytes. in output.
Missed line deletethisfile134.txt of size 26 bytes. in output.
Missed line deletethisfile739.txt of size 26 bytes. in output.
Missed line deletethisfile271.txt of size 26 bytes. in output.
Missed line deletethisfile116.txt of size 26 bytes. in output.
Missed line deletethisfile606.txt of size 26 bytes. in output.
Missed line deletethisfile779.txt of size 26 bytes. in output.
Missed line deletethisfile745.txt of size 26 bytes. in output.
Missed line deletethisfile366.txt of size 26 bytes. in output.
Missed line deletethisfile535.txt of size 26 bytes. in output.
Missed line deletethisfile704.txt of size 26 bytes. in output.
Missed line deletethisfile733.txt of size 26 bytes. in output.
Missed line deletethisfile437.txt of size 26 bytes. in output.
Missed line deletethisfile812.txt of size 26 bytes. in output.
Missed line deletethisfile443.txt of size 26 bytes. in output.
Missed line deletethisfile161.txt of size 26 bytes. in output.
Missed line deletethisfile499.txt of size 26 bytes. in output.
Missed line deletethisfile621.txt of size 26 bytes. in output.
Missed line deletethisfile144.txt of size 26 bytes. in output.
Missed line deletethisfile944.txt of size 26 bytes. in output.
Missed line deletethisfile781.txt of size 26 bytes. in output.
Missed line deletethisfile97.txt of size 25 bytes. in output.
Missed line deletethisfile103.txt of size 26 bytes. in output.
Missed line deletethisfile857.txt of size 26 bytes. in output.
Missed line deletethisfile991.txt of size 26 bytes. in output.
Missed line deletethisfile804.txt of size 26 bytes. in output.
Missed line deletethisfile562.txt of size 26 bytes. in output.
Missed line deletethisfile155.txt of size 26 bytes. in output.
Missed line deletethisfile92.txt of size 25 bytes. in output.
Missed line deletethisfile988.txt of size 26 bytes. in output.
Missed line deletethisfile397.txt of size 26 bytes. in output.
Missed line deletethisfile714.txt of size 26 bytes. in output.
Missed line deletethisfile178.txt of size 26 bytes. in output.
Missed line deletethisfile249.txt of size 26 bytes. in output.
Missed line deletethisfile274.txt of size 26 bytes. in output.
Missed line deletethisfile36.txt of size 25 bytes. in output.
Missed line deletethisfile851.txt of size 26 bytes. in output.
Missed line deletethisfile237.txt of size 26 bytes. in output.
Missed line deletethisfile465.txt of size 26 bytes. in output.
Missed line deletethisfile95.txt of size 25 bytes. in output.
Missed line deletethisfile890.txt of size 26 bytes. in output.
Missed line deletethisfile732.txt of size 26 bytes. in output.
Missed line deletethisfile572.txt of size 26 bytes. in output.
Missed line deletethisfile639.txt of size 26 bytes. in output.
Missed line deletethisfile867.txt of size 26 bytes. in output.
Missed line deletethisfile975.txt of size 26 bytes. in output.
Missed line deletethisfile368.txt of size 26 bytes. in output.
Missed line deletethisfile658.txt of size 26 bytes. in output.
Missed line deletethisfile833.txt of size 26 bytes. in output.
Missed line deletethisfile422.txt of size 26 bytes. in output.
Missed line deletethisfile595.txt of size 26 bytes. in output.
Missed line deletethisfile816.txt of size 26 bytes. in output.
Missed line deletethisfile942.txt of size 26 bytes. in output.
Missed line deletethisfile842.txt of size 26 bytes. in output.
Missed line deletethisfile772.txt of size 26 bytes. in output.
Missed line deletethisfile671.txt of size 26 bytes. in output.
Missed line deletethisfile941.txt of size 26 bytes. in output.
Missed line deletethisfile242.txt of size 26 bytes. in output.
Missed line deletethisfile80.txt of size 25 bytes. in output.
Missed line deletethisfile112.txt of size 26 bytes. in output.
Missed line deletethisfile300.txt of size 26 bytes. in output.
Missed line deletethisfile413.txt of size 26 bytes. in output.
Missed line deletethisfile817.txt of size 26 bytes. in output.
Missed line deletethisfile139.txt of size 26 bytes. in output.
Missed line deletethisfile35.txt of size 25 bytes. in output.
Missed line deletethisfile587.txt of size 26 bytes. in output.
Missed line deletethisfile694.txt of size 26 bytes. in output.
Missed line deletethisfile174.txt of size 26 bytes. in output.
Missed line deletethisfile349.txt of size 26 bytes. in output.
Missed line deletethisfile579.txt of size 26 bytes. in output.
Missed line deletethisfile432.txt of size 26 bytes. in output.
Missed line deletethisfile881.txt of size 26 bytes. in output.
Missed line deletethisfile193.txt of size 26 bytes. in output.
Missed line deletethisfile892.txt of size 26 bytes. in output.
Missed line deletethisfile471.txt of size 26 bytes. in output.
Missed line deletethisfile494.txt of size 26 bytes. in output.
Missed line deletethisfile140.txt of size 26 bytes. in output.
Missed line deletethisfile47.txt of size 25 bytes. in output.
Missed line deletethisfile884.txt of size 26 bytes. in output.
Missed line deletethisfile334.txt of size 26 bytes. in output.
Missed line deletethisfile998.txt of size 26 bytes. in output.
Missed line deletethisfile23.txt of size 25 bytes. in output.
Missed line deletethisfile789.txt of size 26 bytes. in output.
Missed line deletethisfile147.txt of size 26 bytes. in output.
Missed line deletethisfile871.txt of size 26 bytes. in output.
Missed line deletethisfile550.txt of size 26 bytes. in output.
Missed line deletethisfile164.txt of size 26 bytes. in output.
Missed line deletethisfile175.txt of size 26 bytes. in output.
Missed line deletethisfile908.txt of size 26 bytes. in output.
Missed line deletethisfile473.txt of size 26 bytes. in output.
Missed line deletethisfile959.txt of size 26 bytes. in output.
Missed line deletethisfile10.txt of size 25 bytes. in output.
Missed line deletethisfile403.txt of size 26 bytes. in output.
Missed line deletethisfile120.txt of size 26 bytes. in output.
Missed line deletethisfile356.txt of size 26 bytes. in output.
Missed line deletethisfile870.txt of size 26 bytes. in output.
Missed line deletethisfile844.txt of size 26 bytes. in output.
Missed line deletethisfile200.txt of size 26 bytes. in output.
Missed line deletethisfile904.txt of size 26 bytes. in output.
Missed line deletethisfile287.txt of size 26 bytes. in output.
Missed line deletethisfile109.txt of size 26 bytes. in output.
Missed line deletethisfile40.txt of size 25 bytes. in output.
Missed line deletethisfile290.txt of size 26 bytes. in output.
Missed line deletethisfile340.txt of size 26 bytes. in output.
Missed line deletethisfile697.txt of size 26 bytes. in output.
Missed line deletethisfile216.txt of size 26 bytes. in output.
Missed line deletethisfile149.txt of size 26 bytes. in output.
Missed line deletethisfile110.txt of size 26 bytes. in output.
Missed line deletethisfile631.txt of size 26 bytes. in output.
Missed line deletethisfile635.txt of size 26 bytes. in output.
Missed line deletethisfile918.txt of size 26 bytes. in output.
Missed line deletethisfile431.txt of size 26 bytes. in output.
Missed line deletethisfile223.txt of size 26 bytes. in output.
Missed line deletethisfile45.txt of size 25 bytes. in output.
Missed line deletethisfile724.txt of size 26 bytes. in output.
Missed line deletethisfile615.txt of size 26 bytes. in output.
Missed line deletethisfile426.txt of size 26 bytes. in output.
Missed line deletethisfile7.txt of size 24 bytes. in output.
Missed line deletethisfile813.txt of size 26 bytes. in output.
Missed line deletethisfile852.txt of size 26 bytes. in output.
Missed line deletethisfile317.txt of size 26 bytes. in output.
Missed line deletethisfile293.txt of size 26 bytes. in output.
Missed line deletethisfile234.txt of size 26 bytes. in output.
Missed line deletethisfile358.txt of size 26 bytes. in output.
Missed line deletethisfile132.txt of size 26 bytes. in output.
Missed line deletethisfile783.txt of size 26 bytes. in output.
Missed line deletethisfile159.txt of size 26 bytes. in output.
Missed line deletethisfile335.txt of size 26 bytes. in output.
Missed line deletethisfile845.txt of size 26 bytes. in output.
Missed line deletethisfile703.txt of size 26 bytes. in output.
Missed line deletethisfile294.txt of size 26 bytes. in output.
Missed line deletethisfile708.txt of size 26 bytes. in output.
Missed line deletethisfile466.txt of size 26 bytes. in output.
Missed line deletethisfile497.txt of size 26 bytes. in output.
Missed line deletethisfile951.txt of size 26 bytes. in output.
Missed line deletethisfile682.txt of size 26 bytes. in output.
Missed line deletethisfile8.txt of size 24 bytes. in output.
Missed line deletethisfile651.txt of size 26 bytes. in output.
Missed line deletethisfile939.txt of size 26 bytes. in output.
Missed line deletethisfile170.txt of size 26 bytes. in output.
Missed line deletethisfile725.txt of size 26 bytes. in output.
Missed line deletethisfile472.txt of size 26 bytes. in output.
Missed line deletethisfile910.txt of size 26 bytes. in output.
Missed line deletethisfile70.txt of size 25 bytes. in output.
Missed line deletethisfile301.txt of size 26 bytes. in output.
Missed line deletethisfile638.txt of size 26 bytes. in output.
Missed line deletethisfile916.txt of size 26 bytes. in output.
Missed line deletethisfile862.txt of size 26 bytes. in output.
Missed line deletethisfile838.txt of size 26 bytes. in output.
Missed line deletethisfile282.txt of size 26 bytes. in output.
Missed line deletethisfile602.txt of size 26 bytes. in output.
Missed line deletethisfile151.txt of size 26 bytes. in output.
Missed line deletethisfile153.txt of size 26 bytes. in output.
Missed line deletethisfile699.txt of size 26 bytes. in output.
Missed line deletethisfile566.txt of size 26 bytes. in output.
Missed line deletethisfile184.txt of size 26 bytes. in output.
Missed line deletethisfile859.txt of size 26 bytes. in output.
Missed line deletethisfile866.txt of size 26 bytes. in output.
Missed line deletethisfile9.txt of size 24 bytes. in output.
Missed line deletethisfile702.txt of size 26 bytes. in output.
Missed line deletethisfile42.txt of size 25 bytes. in output.
Missed line deletethisfile973.txt of size 26 bytes. in output.
Missed line deletethisfile156.txt of size 26 bytes. in output.
Missed line deletethisfile365.txt of size 26 bytes. in output.
Missed line deletethisfile252.txt of size 26 bytes. in output.
Missed line deletethisfile57.txt of size 25 bytes. in output.
Missed line deletethisfile747.txt of size 26 bytes. in output.
Missed line deletethisfile770.txt of size 26 bytes. in output.
Missed line deletethisfile820.txt of size 26 bytes. in output.
Missed line deletethisfile330.txt of size 26 bytes. in output.
Missed line deletethisfile518.txt of size 26 bytes. in output.
Missed line deletethisfile510.txt of size 26 bytes. in output.
Missed line deletethisfile316.txt of size 26 bytes. in output.
Missed line deletethisfile958.txt of size 26 bytes. in output.
Missed line deletethisfile655.txt of size 26 bytes. in output.
Missed line deletethisfile877.txt of size 26 bytes. in output.
Missed line deletethisfile937.txt of size 26 bytes. in output.
Missed line deletethisfile214.txt of size 26 bytes. in output.
Missed line deletethisfile408.txt of size 26 bytes. in output.
Missed line deletethisfile731.txt of size 26 bytes. in output.
Missed line deletethisfile21.txt of size 25 bytes. in output.
Missed line deletethisfile485.txt of size 26 bytes. in output.
Missed line deletethisfile226.txt of size 26 bytes. in output.
Missed line deletethisfile370.txt of size 26 bytes. in output.
Missed line deletethisfile837.txt of size 26 bytes. in output.
Missed line deletethisfile850.txt of size 26 bytes. in output.
Missed line deletethisfile250.txt of size 26 bytes. in output.
Missed line deletethisfile969.txt of size 26 bytes. in output.
Missed line deletethisfile255.txt of size 26 bytes. in output.
Missed line deletethisfile526.txt of size 26 bytes. in output.
Missed line deletethisfile338.txt of size 26 bytes. in output.
Missed line deletethisfile993.txt of size 26 bytes. in output.
Missed line deletethisfile721.txt of size 26 bytes. in output.
Missed line deletethisfile187.txt of size 26 bytes. in output.
Missed line deletethisfile861.txt of size 26 bytes. in output.
Missed line deletethisfile737.txt of size 26 bytes. in output.
Missed line deletethisfile748.txt of size 26 bytes. in output.
Missed line deletethisfile814.txt of size 26 bytes. in output.
Missed line deletethisfile584.txt of size 26 bytes. in output.
Missed line deletethisfile568.txt of size 26 bytes. in output.
Missed line deletethisfile764.txt of size 26 bytes. in output.
Missed line deletethisfile384.txt of size 26 bytes. in output.
Missed line deletethisfile978.txt of size 26 bytes. in output.
Missed line deletethisfile327.txt of size 26 bytes. in output.
Missed line deletethisfile653.txt of size 26 bytes. in output.
Missed line deletethisfile383.txt of size 26 bytes. in output.
Missed line deletethisfile452.txt of size 26 bytes. in output.
Missed line deletethisfile843.txt of size 26 bytes. in output.
Missed line deletethisfile198.txt of size 26 bytes. in output.
Missed line deletethisfile691.txt of size 26 bytes. in output.
Missed line deletethisfile442.txt of size 26 bytes. in output.
Missed line deletethisfile93.txt of size 25 bytes. in output.
Missed line deletethisfile336.txt of size 26 bytes. in output.
Missed line deletethisfile591.txt of size 26 bytes. in output.
Missed line deletethisfile297.txt of size 26 bytes. in output.
Missed line deletethisfile746.txt of size 26 bytes. in output.
Missed line deletethisfile523.txt of size 26 bytes. in output.
Missed line deletethisfile504.txt of size 26 bytes. in output.
Missed line deletethisfile802.txt of size 26 bytes. in output.
Missed line deletethisfile291.txt of size 26 bytes. in output.
Missed line deletethisfile734.txt of size 26 bytes. in output.
Missed line deletethisfile85.txt of size 25 bytes. in output.
Missed line deletethisfile348.txt of size 26 bytes. in output.
Missed line deletethisfile257.txt of size 26 bytes. in output.
Missed line deletethisfile563.txt of size 26 bytes. in output.
Missed line deletethisfile395.txt of size 26 bytes. in output.
Missed line deletethisfile622.txt of size 26 bytes. in output.
Missed line deletethisfile728.txt of size 26 bytes. in output.
Missed line deletethisfile435.txt of size 26 bytes. in output.
Missed line deletethisfile189.txt of size 26 bytes. in output.
Missed line deletethisfile209.txt of size 26 bytes. in output.
Missed line deletethisfile762.txt of size 26 bytes. in output.
Missed line deletethisfile610.txt of size 26 bytes. in output.
Missed line deletethisfile305.txt of size 26 bytes. in output.
Missed line deletethisfile825.txt of size 26 bytes. in output.
Missed line deletethisfile507.txt of size 26 bytes. in output.
Missed line deletethisfile374.txt of size 26 bytes. in output.
Missed line deletethisfile983.txt of size 26 bytes. in output.
Missed line deletethisfile815.txt of size 26 bytes. in output.
Missed line deletethisfile672.txt of size 26 bytes. in output.
Missed line deletethisfile14.txt of size 25 bytes. in output.
Missed line deletethisfile37.txt of size 25 bytes. in output.
Missed line deletethisfile135.txt of size 26 bytes. in output.
Missed line deletethisfile119.txt of size 26 bytes. in output.
Missed line deletethisfile709.txt of size 26 bytes. in output.
Missed line deletethisfile25.txt of size 25 bytes. in output.
Missed line deletethisfile640.txt of size 26 bytes. in output.
Missed line deletethisfile29.txt of size 25 bytes. in output.
Missed line deletethisfile493.txt of size 26 bytes. in output.
Missed line deletethisfile608.txt of size 26 bytes. in output.
Missed line deletethisfile936.txt of size 26 bytes. in output.
Missed line deletethisfile446.txt of size 26 bytes. in output.
Missed line deletethisfile650.txt of size 26 bytes. in output.
Missed line deletethisfile677.txt of size 26 bytes. in output.
Missed line deletethisfile620.txt of size 26 bytes. in output.
Missed line deletethisfile903.txt of size 26 bytes. in output.
Missed line deletethisfile549.txt of size 26 bytes. in output.
Missed line deletethisfile390.txt of size 26 bytes. in output.
Missed line deletethisfile484.txt of size 26 bytes. in output.
Missed line deletethisfile627.txt of size 26 bytes. in output.
Missed line deletethisfile320.txt of size 26 bytes. in output.
Missed line deletethisfile953.txt of size 26 bytes. in output.
Missed line deletethisfile377.txt of size 26 bytes. in output.
Missed line deletethisfile326.txt of size 26 bytes. in output.
Missed line deletethisfile389.txt of size 26 bytes. in output.
Missed line deletethisfile58.txt of size 25 bytes. in output.
Missed line deletethisfile64.txt of size 25 bytes. in output.
Missed line deletethisfile763.txt of size 26 bytes. in output.
Missed line deletethisfile48.txt of size 25 bytes. in output.
Missed line deletethisfile65.txt of size 25 bytes. in output.
Missed line deletethisfile433.txt of size 26 bytes. in output.
Missed line deletethisfile774.txt of size 26 bytes. in output.
Missed line deletethisfile757.txt of size 26 bytes. in output.
Missed line deletethisfile55.txt of size 25 bytes. in output.
Missed line deletethisfile661.txt of size 26 bytes. in output.
Missed line deletethisfile283.txt of size 26 bytes. in output.
Missed line deletethisfile60.txt of size 25 bytes. in output.
Missed line deletethisfile52.txt of size 25 bytes. in output.
Missed line deletethisfile449.txt of size 26 bytes. in output.
Missed line deletethisfile182.txt of size 26 bytes. in output.
Missed line deletethisfile298.txt of size 26 bytes. in output.
Missed line deletethisfile106.txt of size 26 bytes. in output.
Missed line deletethisfile434.txt of size 26 bytes. in output.
Missed line deletethisfile82.txt of size 25 bytes. in output.
Missed line deletethisfile752.txt of size 26 bytes. in output.
Missed line deletethisfile461.txt of size 26 bytes. in output.
Missed line deletethisfile970.txt of size 26 bytes. in output.
Missed line deletethisfile195.txt of size 26 bytes. in output.
Missed line deletethisfile588.txt of size 26 bytes. in output.
Missed line deletethisfile534.txt of size 26 bytes. in output.
Missed line deletethisfile331.txt of size 26 bytes. in output.
Missed line deletethisfile696.txt of size 26 bytes. in output.
Missed line deletethisfile961.txt of size 26 bytes. in output.
Missed line deletethisfile967.txt of size 26 bytes. in output.
Missed line deletethisfile117.txt of size 26 bytes. in output.
Missed line deletethisfile500.txt of size 26 bytes. in output.
Missed line deletethisfile113.txt of size 26 bytes. in output.
Missed line deletethisfile181.txt of size 26 bytes. in output.
Missed line deletethisfile558.txt of size 26 bytes. in output.
Missed line deletethisfile919.txt of size 26 bytes. in output.
Missed line deletethisfile314.txt of size 26 bytes. in output.
Missed line deletethisfile424.txt of size 26 bytes. in output.
Missed line deletethisfile464.txt of size 26 bytes. in output.
Missed line deletethisfile616.txt of size 26 bytes. in output.
Missed line deletethisfile882.txt of size 26 bytes. in output.
Missed line deletethisfile188.txt of size 26 bytes. in output.
Missed line deletethisfile548.txt of size 26 bytes. in output.
Missed line deletethisfile928.txt of size 26 bytes. in output.
Missed line deletethisfile458.txt of size 26 bytes. in output.
Missed line deletethisfile636.txt of size 26 bytes. in output.
Missed line deletethisfile404.txt of size 26 bytes. in output.
Missed line deletethisfile726.txt of size 26 bytes. in output.
Missed line deletethisfile878.txt of size 26 bytes. in output.
Missed line deletethisfile531.txt of size 26 bytes. in output.
Missed line deletethisfile940.txt of size 26 bytes. in output.
Missed line deletethisfile19.txt of size 25 bytes. in output.
Missed line deletethisfile77.txt of size 25 bytes. in output.
Missed line deletethisfile794.txt of size 26 bytes. in output.
Missed line deletethisfile27.txt of size 25 bytes. in output.
Missed line deletethisfile700.txt of size 26 bytes. in output.
Missed line deletethisfile86.txt of size 25 bytes. in output.
Missed line deletethisfile220.txt of size 26 bytes. in output.
Missed line deletethisfile785.txt of size 26 bytes. in output.
Missed line deletethisfile839.txt of size 26 bytes. in output.
Missed line deletethisfile203.txt of size 26 bytes. in output.
Missed line deletethisfile521.txt of size 26 bytes. in output.
Missed line deletethisfile926.txt of size 26 bytes. in output.
Missed line deletethisfile717.txt of size 26 bytes. in output.
Missed line deletethisfile585.txt of size 26 bytes. in output.
Missed line deletethisfile974.txt of size 26 bytes. in output.
Missed line deletethisfile760.txt of size 26 bytes. in output.
Missed line deletethisfile710.txt of size 26 bytes. in output.
Missed line deletethisfile405.txt of size 26 bytes. in output.
Missed line deletethisfile720.txt of size 26 bytes. in output.
Missed line deletethisfile350.txt of size 26 bytes. in output.
Missed line deletethisfile798.txt of size 26 bytes. in output.
Missed line deletethisfile824.txt of size 26 bytes. in output.
Missed line deletethisfile176.txt of size 26 bytes. in output.
Missed line deletethisfile689.txt of size 26 bytes. in output.
Missed line deletethisfile847.txt of size 26 bytes. in output.
Missed line deletethisfile199.txt of size 26 bytes. in output.
Missed line deletethisfile354.txt of size 26 bytes. in output.
Missed line deletethisfile756.txt of size 26 bytes. in output.
Missed line deletethisfile920.txt of size 26 bytes. in output.
Missed line deletethisfile309.txt of size 26 bytes. in output.
Missed line deletethisfile801.txt of size 26 bytes. in output.
Missed line deletethisfile160.txt of size 26 bytes. in output.
Missed line deletethisfile417.txt of size 26 bytes. in output.
Missed line deletethisfile211.txt of size 26 bytes. in output.
Missed line deletethisfile907.txt of size 26 bytes. in output.
Missed line deletethisfile208.txt of size 26 bytes. in output.
Missed line deletethisfile218.txt of size 26 bytes. in output.
Missed line deletethisfile565.txt of size 26 bytes. in output.
Missed line deletethisfile114.txt of size 26 bytes. in output.
Missed line deletethisfile123.txt of size 26 bytes. in output.
Missed line deletethisfile901.txt of size 26 bytes. in output.
Missed line deletethisfile172.txt of size 26 bytes. in output.
Missed line deletethisfile281.txt of size 26 bytes. in output.
Missed line deletethisfile270.txt of size 26 bytes. in output.
Missed line deletethisfile289.txt of size 26 bytes. in output.
Missed line deletethisfile657.txt of size 26 bytes. in output.
Missed line deletethisfile552.txt of size 26 bytes. in output.
Missed line deletethisfile265.txt of size 26 bytes. in output.
Missed line deletethisfile5.txt of size 24 bytes. in output.
Missed line deletethisfile73.txt of size 25 bytes. in output.
Missed line deletethisfile687.txt of size 26 bytes. in output.
Missed line deletethisfile475.txt of size 26 bytes. in output.
Missed line deletethisfile989.txt of size 26 bytes. in output.
Missed line deletethisfile965.txt of size 26 bytes. in output.
Missed line deletethisfile713.txt of size 26 bytes. in output.
Missed line deletethisfile695.txt of size 26 bytes. in output.
Missed line deletethisfile292.txt of size 26 bytes. in output.
Missed line deletethisfile596.txt of size 26 bytes. in output.
Missed line deletethisfile94.txt of size 25 bytes. in output.
Missed line deletethisfile935.txt of size 26 bytes. in output.
Missed line deletethisfile723.txt of size 26 bytes. in output.
Missed line deletethisfile280.txt of size 26 bytes. in output.
Missed line deletethisfile780.txt of size 26 bytes. in output.
Missed line deletethisfile351.txt of size 26 bytes. in output.
Missed line deletethisfile440.txt of size 26 bytes. in output.
Missed line deletethisfile328.txt of size 26 bytes. in output.
Missed line deletethisfile304.txt of size 26 bytes. in output.
Missed line deletethisfile204.txt of size 26 bytes. in output.
Missed line deletethisfile401.txt of size 26 bytes. in output.
Missed line deletethisfile416.txt of size 26 bytes. in output.
Missed line deletethisfile571.txt of size 26 bytes. in output.
Missed line deletethisfile342.txt of size 26 bytes. in output.
Missed line deletethisfile352.txt of size 26 bytes. in output.
Missed line deletethisfile430.txt of size 26 bytes. in output.
Missed line deletethisfile1.txt of size 24 bytes. in output.
Missed line deletethisfile786.txt of size 26 bytes. in output.
Missed line deletethisfile642.txt of size 26 bytes. in output.
Missed line deletethisfile278.txt of size 26 bytes. in output.
Missed line deletethisfile224.txt of size 26 bytes. in output.
Missed line deletethisfile768.txt of size 26 bytes. in output.
Missed line deletethisfile107.txt of size 26 bytes. in output.
Missed line deletethisfile821.txt of size 26 bytes. in output.
Missed line deletethisfile777.txt of size 26 bytes. in output.
Missed line deletethisfile564.txt of size 26 bytes. in output.
Missed line deletethisfile690.txt of size 26 bytes. in output.
List test, got 0 out of 1000
Read test read_nate_test1, output file NOT created
READ Expected md5 cfe55280c81c3cdec7f63053a096e364, actual 
Read test read_nate_test1, output file INCORRECT!
Showing READ byte differences
cmp: rand10: No such file or directory
Read test read_nate_test2, output file NOT created
READ Expected md5 17a760ba7fcdf7e2d5d04f0ee99f3a82, actual 
Read test read_nate_test2, output file INCORRECT!
Showing READ byte differences
cmp: rand2: No such file or directory
Read test read_nate_test3, output file NOT created
READ Expected md5 ddbd6e973175d69b418988eb68452cd1, actual 
Read test read_nate_test3, output file INCORRECT!
Showing READ byte differences
cmp: file88.txt: No such file or directory
Write test write_nate_test1, output file created on server (:
WRITE Expected md5 d6d3519a5302bcf8151b7e3cc6851438, actual ede3d3b685b4e137ba4cb2521329a75e
Write test write_nate_test1, output file hash NOT correct ):
Showing WRITE byte differences
uploadrandom10 /home/nate/Documents/du_stuff/computer_networking_spring_2018/project1_grading/project1_test_grading//server_dir/nate/uploadrandom10 differ: byte 1, line 1 is  12 ^J   0 ^@
Write test write_nate_test2, output file created on server (:
WRITE Expected md5 2d7ba3aea78db38d25736aec5c719891, actual b85d6fb9ef4260dcf1ce0a1b0bff80d3
Write test write_nate_test2, output file hash NOT correct ):
Showing WRITE byte differences
uploadrandom11 /home/nate/Documents/du_stuff/computer_networking_spring_2018/project1_grading/project1_test_grading//server_dir/nate/uploadrandom11 differ: byte 1, line 1 is  12 ^J   0 ^@
Write test write_nate_test3, output file created on server (:
WRITE Expected md5 5db51f710a0498a201e4a8b554142f9e, actual 590e1e1cee0d21eb86c9b878de6e49ce
Write test write_nate_test3, output file hash NOT correct ):
Showing WRITE byte differences
upload_son_of_mars.txt /home/nate/Documents/du_stuff/computer_networking_spring_2018/project1_grading/project1_test_grading//server_dir/nate/upload_son_of_mars.txt differ: byte 1, line 1 is  12 ^J   0 ^@
Total score 18 out of 1139
Read score 0 out of 6
List score 0 out of 1112
Write score 3 out of 6
Delete score 2 out of 2
Error score 3 out of 3
